2026-02-09 05:51:49,311 - INFO - HTTP Request: POST https://api.telegram.org/bot8250155083:AAHptxeMI4SJ8xMEAJ_JrzF4ZD-CnixccxU/sendMessage "HTTP/1.1 200 OK"
2026-02-09 06:03:16,081 - INFO - HTTP Request: POST https://api.telegram.org/bot8250155083:AAHptxeMI4SJ8xMEAJ_JrzF4ZD-CnixccxU/sendMessage "HTTP/1.1 200 OK"
2026-02-09 06:03:16,122 - INFO - HTTP Request: POST https://api.telegram.org/bot8250155083:AAHptxeMI4SJ8xMEAJ_JrzF4ZD-CnixccxU/sendMessage "HTTP/1.1 200 OK"
2026-02-09 06:05:13,401 - DEBUG - Using proactor: IocpProactor
2026-02-09 06:05:13,417 - DEBUG - Set Bot API URL: https://api.telegram.org/bot8250155083:AAHptxeMI4SJ8xMEAJ_JrzF4ZD-CnixccxU
2026-02-09 06:05:13,417 - DEBUG - Set Bot API File URL: https://api.telegram.org/file/bot8250155083:AAHptxeMI4SJ8xMEAJ_JrzF4ZD-CnixccxU
2026-02-09 06:05:13,465 - DEBUG - Using proactor: IocpProactor
2026-02-09 06:05:13,470 - DEBUG - Set Bot API URL: https://api.telegram.org/bot8250155083:AAHptxeMI4SJ8xMEAJ_JrzF4ZD-CnixccxU
2026-02-09 06:05:13,470 - DEBUG - Set Bot API File URL: https://api.telegram.org/file/bot8250155083:AAHptxeMI4SJ8xMEAJ_JrzF4ZD-CnixccxU
2026-02-09 06:05:15,041 - DEBUG - connect_tcp.started host='api.telegram.org' port=443 local_address=None timeout=5.0 socket_options=None
2026-02-09 06:05:15,071 - DEBUG - connect_tcp.started host='api.telegram.org' port=443 local_address=None timeout=5.0 socket_options=None
2026-02-09 06:05:15,083 - DEBUG - connect_tcp.complete return_value=<httpcore._backends.anyio.AnyIOStream object at 0x000001ECA18D3CB0>
2026-02-09 06:05:15,083 - DEBUG - start_tls.started ssl_context=<ssl.SSLContext object at 0x000001ECA18A50A0> server_hostname='api.telegram.org' timeout=5.0
2026-02-09 06:05:15,102 - DEBUG - connect_tcp.complete return_value=<httpcore._backends.anyio.AnyIOStream object at 0x000001ECA2A6E850>
2026-02-09 06:05:15,102 - DEBUG - start_tls.started ssl_context=<ssl.SSLContext object at 0x000001ECA18A5EB0> server_hostname='api.telegram.org' timeout=5.0
2026-02-09 06:05:15,119 - DEBUG - start_tls.complete return_value=<httpcore._backends.anyio.AnyIOStream object at 0x000001ECA2A6E350>
2026-02-09 06:05:15,120 - DEBUG - send_request_headers.started request=<Request [b'POST']>
2026-02-09 06:05:15,121 - DEBUG - send_request_headers.complete
2026-02-09 06:05:15,121 - DEBUG - send_request_body.started request=<Request [b'POST']>
2026-02-09 06:05:15,121 - DEBUG - send_request_body.complete
2026-02-09 06:05:15,122 - DEBUG - receive_response_headers.started request=<Request [b'POST']>
2026-02-09 06:05:15,136 - DEBUG - start_tls.complete return_value=<httpcore._backends.anyio.AnyIOStream object at 0x000001ECA18CA060>
2026-02-09 06:05:15,137 - DEBUG - send_request_headers.started request=<Request [b'POST']>
2026-02-09 06:05:15,138 - DEBUG - send_request_headers.complete
2026-02-09 06:05:15,138 - DEBUG - send_request_body.started request=<Request [b'POST']>
2026-02-09 06:05:15,139 - DEBUG - send_request_body.complete
2026-02-09 06:05:15,139 - DEBUG - receive_response_headers.started request=<Request [b'POST']>
2026-02-09 06:05:15,231 - DEBUG - receive_response_headers.complete return_value=(b'HTTP/1.1', 200, b'OK', [(b'Server', b'nginx/1.18.0'), (b'Date', b'Mon, 09 Feb 2026 06:05:15 GMT'), (b'Content-Type', b'application/json'), (b'Content-Length', b'293'), (b'Connection', b'keep-alive'), (b'Strict-Transport-Security', b'max-age=31536000; includeSubDomains; preload'), (b'Access-Control-Allow-Origin', b'*'), (b'Access-Control-Allow-Methods', b'GET, POST, OPTIONS'), (b'Access-Control-Expose-Headers', b'Content-Length,Content-Type,Date,Server,Connection')])
2026-02-09 06:05:15,232 - INFO - HTTP Request: POST https://api.telegram.org/bot8250155083:AAHptxeMI4SJ8xMEAJ_JrzF4ZD-CnixccxU/sendMessage "HTTP/1.1 200 OK"
2026-02-09 06:05:15,232 - DEBUG - receive_response_body.started request=<Request [b'POST']>
2026-02-09 06:05:15,233 - DEBUG - receive_response_body.complete
2026-02-09 06:05:15,234 - DEBUG - response_closed.started
2026-02-09 06:05:15,234 - DEBUG - response_closed.complete
2026-02-09 06:05:15,256 - DEBUG - receive_response_headers.complete return_value=(b'HTTP/1.1', 200, b'OK', [(b'Server', b'nginx/1.18.0'), (b'Date', b'Mon, 09 Feb 2026 06:05:15 GMT'), (b'Content-Type', b'application/json'), (b'Content-Length', b'283'), (b'Connection', b'keep-alive'), (b'Strict-Transport-Security', b'max-age=31536000; includeSubDomains; preload'), (b'Access-Control-Allow-Origin', b'*'), (b'Access-Control-Allow-Methods', b'GET, POST, OPTIONS'), (b'Access-Control-Expose-Headers', b'Content-Length,Content-Type,Date,Server,Connection')])
2026-02-09 06:05:15,258 - INFO - HTTP Request: POST https://api.telegram.org/bot8250155083:AAHptxeMI4SJ8xMEAJ_JrzF4ZD-CnixccxU/sendMessage "HTTP/1.1 200 OK"
2026-02-09 06:05:15,258 - DEBUG - receive_response_body.started request=<Request [b'POST']>
2026-02-09 06:05:15,258 - DEBUG - receive_response_body.complete
2026-02-09 06:05:15,260 - DEBUG - response_closed.started
2026-02-09 06:05:15,260 - DEBUG - response_closed.complete
2026-02-09 06:05:15,300 - DEBUG - Importing AvifImagePlugin
2026-02-09 06:05:15,303 - DEBUG - Importing BlpImagePlugin
2026-02-09 06:05:15,306 - DEBUG - Importing BmpImagePlugin
2026-02-09 06:05:15,307 - DEBUG - Importing BufrStubImagePlugin
2026-02-09 06:05:15,308 - DEBUG - Importing CurImagePlugin
2026-02-09 06:05:15,309 - DEBUG - Importing DcxImagePlugin
2026-02-09 06:05:15,312 - DEBUG - Importing DdsImagePlugin
2026-02-09 06:05:15,317 - DEBUG - Importing EpsImagePlugin
2026-02-09 06:05:15,320 - DEBUG - Importing FitsImagePlugin
2026-02-09 06:05:15,323 - DEBUG - Importing FliImagePlugin
2026-02-09 06:05:15,325 - DEBUG - Importing FpxImagePlugin
2026-02-09 06:05:15,327 - DEBUG - Image: failed to import FpxImagePlugin: No module named 'olefile'
2026-02-09 06:05:15,327 - DEBUG - Importing FtexImagePlugin
2026-02-09 06:05:15,329 - DEBUG - Importing GbrImagePlugin
2026-02-09 06:05:15,331 - DEBUG - Importing GifImagePlugin
2026-02-09 06:05:15,332 - DEBUG - Importing GribStubImagePlugin
2026-02-09 06:05:15,335 - DEBUG - Importing Hdf5StubImagePlugin
2026-02-09 06:05:15,336 - DEBUG - Importing IcnsImagePlugin
2026-02-09 06:05:15,339 - DEBUG - Importing IcoImagePlugin
2026-02-09 06:05:15,341 - DEBUG - Importing ImImagePlugin
2026-02-09 06:05:15,343 - DEBUG - Importing ImtImagePlugin
2026-02-09 06:05:15,344 - DEBUG - Importing IptcImagePlugin
2026-02-09 06:05:15,345 - DEBUG - Importing JpegImagePlugin
2026-02-09 06:05:15,345 - DEBUG - Importing Jpeg2KImagePlugin
2026-02-09 06:05:15,345 - DEBUG - Importing McIdasImagePlugin
2026-02-09 06:05:15,347 - DEBUG - Importing MicImagePlugin
2026-02-09 06:05:15,350 - DEBUG - Image: failed to import MicImagePlugin: No module named 'olefile'
2026-02-09 06:05:15,351 - DEBUG - Importing MpegImagePlugin
2026-02-09 06:05:15,352 - DEBUG - Importing MpoImagePlugin
2026-02-09 06:05:15,355 - DEBUG - Importing MspImagePlugin
2026-02-09 06:05:15,357 - DEBUG - Importing PalmImagePlugin
2026-02-09 06:05:15,359 - DEBUG - Importing PcdImagePlugin
2026-02-09 06:05:15,360 - DEBUG - Importing PcxImagePlugin
2026-02-09 06:05:15,360 - DEBUG - Importing PdfImagePlugin
2026-02-09 06:05:15,371 - DEBUG - Importing PixarImagePlugin
2026-02-09 06:05:15,373 - DEBUG - Importing PngImagePlugin
2026-02-09 06:05:15,373 - DEBUG - Importing PpmImagePlugin
2026-02-09 06:05:15,373 - DEBUG - Importing PsdImagePlugin
2026-02-09 06:05:15,374 - DEBUG - Importing QoiImagePlugin
2026-02-09 06:05:15,376 - DEBUG - Importing SgiImagePlugin
2026-02-09 06:05:15,377 - DEBUG - Importing SpiderImagePlugin
2026-02-09 06:05:15,377 - DEBUG - Importing SunImagePlugin
2026-02-09 06:05:15,378 - DEBUG - Importing TgaImagePlugin
2026-02-09 06:05:15,379 - DEBUG - Importing TiffImagePlugin
2026-02-09 06:05:15,380 - DEBUG - Importing WebPImagePlugin
2026-02-09 06:05:15,382 - DEBUG - Importing WmfImagePlugin
2026-02-09 06:05:15,384 - DEBUG - Importing XbmImagePlugin
2026-02-09 06:05:15,385 - DEBUG - Importing XpmImagePlugin
2026-02-09 06:05:15,386 - DEBUG - Importing XVThumbImagePlugin
2026-02-09 06:05:56,888 - DEBUG - TEST LOGGING: Saving config to c:\Users\Adi\OneDrive\Desktop\# PROJECTS\Laptop Battery Monitor\monitor_config.json: {'threshold': 43, 'interval': 1, 'telegram_enabled': True, 'telegram_conf': None, 'logging_enabled': True, 'resend_minutes': 5, 'start_minimized': False}
2026-02-09 06:39:30,502 - DEBUG - Using proactor: IocpProactor
2026-02-09 06:39:30,506 - DEBUG - Set Bot API URL: https://api.telegram.org/bot8250155083:AAHptxeMI4SJ8xMEAJ_JrzF4ZD-CnixccxU
2026-02-09 06:39:30,507 - DEBUG - Set Bot API File URL: https://api.telegram.org/file/bot8250155083:AAHptxeMI4SJ8xMEAJ_JrzF4ZD-CnixccxU
2026-02-09 06:39:31,262 - DEBUG - connect_tcp.started host='api.telegram.org' port=443 local_address=None timeout=5.0 socket_options=None
2026-02-09 06:39:31,308 - DEBUG - connect_tcp.complete return_value=<httpcore._backends.anyio.AnyIOStream object at 0x00000296C214FA10>
2026-02-09 06:39:31,308 - DEBUG - start_tls.started ssl_context=<ssl.SSLContext object at 0x00000296C2119BE0> server_hostname='api.telegram.org' timeout=5.0
2026-02-09 06:39:31,343 - DEBUG - start_tls.complete return_value=<httpcore._backends.anyio.AnyIOStream object at 0x00000296C212B4D0>
2026-02-09 06:39:31,344 - DEBUG - send_request_headers.started request=<Request [b'POST']>
2026-02-09 06:39:31,345 - DEBUG - send_request_headers.complete
2026-02-09 06:39:31,345 - DEBUG - send_request_body.started request=<Request [b'POST']>
2026-02-09 06:39:31,346 - DEBUG - send_request_body.complete
2026-02-09 06:39:31,346 - DEBUG - receive_response_headers.started request=<Request [b'POST']>
2026-02-09 06:39:31,409 - DEBUG - receive_response_headers.complete return_value=(b'HTTP/1.1', 200, b'OK', [(b'Server', b'nginx/1.18.0'), (b'Date', b'Mon, 09 Feb 2026 06:39:31 GMT'), (b'Content-Type', b'application/json'), (b'Content-Length', b'293'), (b'Connection', b'keep-alive'), (b'Strict-Transport-Security', b'max-age=31536000; includeSubDomains; preload'), (b'Access-Control-Allow-Origin', b'*'), (b'Access-Control-Allow-Methods', b'GET, POST, OPTIONS'), (b'Access-Control-Expose-Headers', b'Content-Length,Content-Type,Date,Server,Connection')])
2026-02-09 06:39:31,410 - INFO - HTTP Request: POST https://api.telegram.org/bot8250155083:AAHptxeMI4SJ8xMEAJ_JrzF4ZD-CnixccxU/sendMessage "HTTP/1.1 200 OK"
2026-02-09 06:39:31,411 - DEBUG - receive_response_body.started request=<Request [b'POST']>
2026-02-09 06:39:31,411 - DEBUG - receive_response_body.complete
2026-02-09 06:39:31,412 - DEBUG - response_closed.started
2026-02-09 06:39:31,413 - DEBUG - response_closed.complete
2026-02-09 06:39:31,497 - DEBUG - Importing AvifImagePlugin
2026-02-09 06:39:31,501 - DEBUG - Importing BlpImagePlugin
2026-02-09 06:39:31,504 - DEBUG - Importing BmpImagePlugin
2026-02-09 06:39:31,504 - DEBUG - Importing BufrStubImagePlugin
2026-02-09 06:39:31,506 - DEBUG - Importing CurImagePlugin
2026-02-09 06:39:31,509 - DEBUG - Importing DcxImagePlugin
2026-02-09 06:39:31,512 - DEBUG - Importing DdsImagePlugin
2026-02-09 06:39:31,517 - DEBUG - Importing EpsImagePlugin
2026-02-09 06:39:31,520 - DEBUG - Importing FitsImagePlugin
2026-02-09 06:39:31,523 - DEBUG - Importing FliImagePlugin
2026-02-09 06:39:31,525 - DEBUG - Importing FpxImagePlugin
2026-02-09 06:39:31,527 - DEBUG - Image: failed to import FpxImagePlugin: No module named 'olefile'
2026-02-09 06:39:31,528 - DEBUG - Importing FtexImagePlugin
2026-02-09 06:39:31,530 - DEBUG - Importing GbrImagePlugin
2026-02-09 06:39:31,532 - DEBUG - Importing GifImagePlugin
2026-02-09 06:39:31,533 - DEBUG - Importing GribStubImagePlugin
2026-02-09 06:39:31,535 - DEBUG - Importing Hdf5StubImagePlugin
2026-02-09 06:39:31,537 - DEBUG - Importing IcnsImagePlugin
2026-02-09 06:39:31,541 - DEBUG - Importing IcoImagePlugin
2026-02-09 06:39:31,544 - DEBUG - Importing ImImagePlugin
2026-02-09 06:39:31,546 - DEBUG - Importing ImtImagePlugin
2026-02-09 06:39:31,547 - DEBUG - Importing IptcImagePlugin
2026-02-09 06:39:31,550 - DEBUG - Importing JpegImagePlugin
2026-02-09 06:39:31,550 - DEBUG - Importing Jpeg2KImagePlugin
2026-02-09 06:39:31,551 - DEBUG - Importing McIdasImagePlugin
2026-02-09 06:39:31,552 - DEBUG - Importing MicImagePlugin
2026-02-09 06:39:31,555 - DEBUG - Image: failed to import MicImagePlugin: No module named 'olefile'
2026-02-09 06:39:31,555 - DEBUG - Importing MpegImagePlugin
2026-02-09 06:39:31,557 - DEBUG - Importing MpoImagePlugin
2026-02-09 06:39:31,561 - DEBUG - Importing MspImagePlugin
2026-02-09 06:39:31,562 - DEBUG - Importing PalmImagePlugin
2026-02-09 06:39:31,566 - DEBUG - Importing PcdImagePlugin
2026-02-09 06:39:31,568 - DEBUG - Importing PcxImagePlugin
2026-02-09 06:39:31,568 - DEBUG - Importing PdfImagePlugin
2026-02-09 06:39:31,577 - DEBUG - Importing PixarImagePlugin
2026-02-09 06:39:31,578 - DEBUG - Importing PngImagePlugin
2026-02-09 06:39:31,579 - DEBUG - Importing PpmImagePlugin
2026-02-09 06:39:31,579 - DEBUG - Importing PsdImagePlugin
2026-02-09 06:39:31,581 - DEBUG - Importing QoiImagePlugin
2026-02-09 06:39:31,584 - DEBUG - Importing SgiImagePlugin
2026-02-09 06:39:31,585 - DEBUG - Importing SpiderImagePlugin
2026-02-09 06:39:31,587 - DEBUG - Importing SunImagePlugin
2026-02-09 06:39:31,589 - DEBUG - Importing TgaImagePlugin
2026-02-09 06:39:31,591 - DEBUG - Importing TiffImagePlugin
2026-02-09 06:39:31,591 - DEBUG - Importing WebPImagePlugin
2026-02-09 06:39:31,594 - DEBUG - Importing WmfImagePlugin
2026-02-09 06:39:31,595 - DEBUG - Importing XbmImagePlugin
2026-02-09 06:39:31,598 - DEBUG - Importing XpmImagePlugin
2026-02-09 06:39:31,601 - DEBUG - Importing XVThumbImagePlugin
2026-02-09 06:40:32,070 - DEBUG - TEST LOGGING: Saving config to c:\Users\Adi\OneDrive\Desktop\# PROJECTS\Laptop Battery Monitor\monitor_config.json: {'threshold': 50, 'interval': 1, 'telegram_enabled': True, 'telegram_conf': None, 'logging_enabled': True, 'resend_minutes': 5, 'start_minimized': False}
2026-02-09 06:40:36,434 - DEBUG - Using proactor: IocpProactor
2026-02-09 06:40:36,438 - DEBUG - Set Bot API URL: https://api.telegram.org/bot8250155083:AAHptxeMI4SJ8xMEAJ_JrzF4ZD-CnixccxU
2026-02-09 06:40:36,438 - DEBUG - Set Bot API File URL: https://api.telegram.org/file/bot8250155083:AAHptxeMI4SJ8xMEAJ_JrzF4ZD-CnixccxU
2026-02-09 06:40:37,408 - DEBUG - Calling Bot API endpoint `sendMessage` with parameters `{'chat_id': 1093519343, 'text': '[GramAdi] Test message', 'disable_notification': False, 'link_preview_options': LinkPreviewOptions(is_disabled=False)}`
2026-02-09 06:40:37,411 - DEBUG - connect_tcp.started host='api.telegram.org' port=443 local_address=None timeout=5.0 socket_options=None
2026-02-09 06:40:37,449 - DEBUG - connect_tcp.complete return_value=<httpcore._backends.anyio.AnyIOStream object at 0x00000296C2622710>
2026-02-09 06:40:37,450 - DEBUG - start_tls.started ssl_context=<ssl.SSLContext object at 0x00000296C25B12E0> server_hostname='api.telegram.org' timeout=5.0
2026-02-09 06:40:37,487 - DEBUG - start_tls.complete return_value=<httpcore._backends.anyio.AnyIOStream object at 0x00000296C26249D0>
2026-02-09 06:40:37,488 - DEBUG - send_request_headers.started request=<Request [b'POST']>
2026-02-09 06:40:37,489 - DEBUG - send_request_headers.complete
2026-02-09 06:40:37,490 - DEBUG - send_request_body.started request=<Request [b'POST']>
2026-02-09 06:40:37,491 - DEBUG - send_request_body.complete
2026-02-09 06:40:37,491 - DEBUG - receive_response_headers.started request=<Request [b'POST']>
2026-02-09 06:40:37,541 - DEBUG - receive_response_headers.complete return_value=(b'HTTP/1.1', 200, b'OK', [(b'Server', b'nginx/1.18.0'), (b'Date', b'Mon, 09 Feb 2026 06:40:37 GMT'), (b'Content-Type', b'application/json'), (b'Content-Length', b'266'), (b'Connection', b'keep-alive'), (b'Strict-Transport-Security', b'max-age=31536000; includeSubDomains; preload'), (b'Access-Control-Allow-Origin', b'*'), (b'Access-Control-Allow-Methods', b'GET, POST, OPTIONS'), (b'Access-Control-Expose-Headers', b'Content-Length,Content-Type,Date,Server,Connection')])
2026-02-09 06:40:37,543 - INFO - HTTP Request: POST https://api.telegram.org/bot8250155083:AAHptxeMI4SJ8xMEAJ_JrzF4ZD-CnixccxU/sendMessage "HTTP/1.1 200 OK"
2026-02-09 06:40:37,545 - DEBUG - receive_response_body.started request=<Request [b'POST']>
2026-02-09 06:40:37,546 - DEBUG - receive_response_body.complete
2026-02-09 06:40:37,548 - DEBUG - response_closed.started
2026-02-09 06:40:37,549 - DEBUG - response_closed.complete
2026-02-09 06:40:37,550 - DEBUG - Call to Bot API endpoint `sendMessage` finished with return value `{'message_id': 139, 'from': {'id': 8250155083, 'is_bot': True, 'first_name': 'Alerts', 'username': 'adrian_alerts_bot'}, 'chat': {'id': 1093519343, 'first_name': 'Adrian', 'last_name': 'Rosoga', 'type': 'private'}, 'date': 1770619237, 'text': '[GramAdi] Test message'}`
2026-02-09 06:43:37,625 - DEBUG - Using proactor: IocpProactor
2026-02-09 06:43:37,638 - DEBUG - Set Bot API URL: https://api.telegram.org/bot8250155083:AAHptxeMI4SJ8xMEAJ_JrzF4ZD-CnixccxU
2026-02-09 06:43:37,639 - DEBUG - Set Bot API File URL: https://api.telegram.org/file/bot8250155083:AAHptxeMI4SJ8xMEAJ_JrzF4ZD-CnixccxU
2026-02-09 06:43:38,332 - DEBUG - connect_tcp.started host='api.telegram.org' port=443 local_address=None timeout=5.0 socket_options=None
2026-02-09 06:43:38,372 - DEBUG - connect_tcp.complete return_value=<httpcore._backends.anyio.AnyIOStream object at 0x00000226DFEBBA10>
2026-02-09 06:43:38,372 - DEBUG - start_tls.started ssl_context=<ssl.SSLContext object at 0x00000226DFE89C70> server_hostname='api.telegram.org' timeout=5.0
2026-02-09 06:43:38,409 - DEBUG - start_tls.complete return_value=<httpcore._backends.anyio.AnyIOStream object at 0x00000226DFE9B4D0>
2026-02-09 06:43:38,410 - DEBUG - send_request_headers.started request=<Request [b'POST']>
2026-02-09 06:43:38,411 - DEBUG - send_request_headers.complete
2026-02-09 06:43:38,411 - DEBUG - send_request_body.started request=<Request [b'POST']>
2026-02-09 06:43:38,411 - DEBUG - send_request_body.complete
2026-02-09 06:43:38,412 - DEBUG - receive_response_headers.started request=<Request [b'POST']>
2026-02-09 06:43:38,465 - DEBUG - receive_response_headers.complete return_value=(b'HTTP/1.1', 200, b'OK', [(b'Server', b'nginx/1.18.0'), (b'Date', b'Mon, 09 Feb 2026 06:43:38 GMT'), (b'Content-Type', b'application/json'), (b'Content-Length', b'293'), (b'Connection', b'keep-alive'), (b'Strict-Transport-Security', b'max-age=31536000; includeSubDomains; preload'), (b'Access-Control-Allow-Origin', b'*'), (b'Access-Control-Allow-Methods', b'GET, POST, OPTIONS'), (b'Access-Control-Expose-Headers', b'Content-Length,Content-Type,Date,Server,Connection')])
2026-02-09 06:43:38,466 - INFO - HTTP Request: POST https://api.telegram.org/bot8250155083:AAHptxeMI4SJ8xMEAJ_JrzF4ZD-CnixccxU/sendMessage "HTTP/1.1 200 OK"
2026-02-09 06:43:38,467 - DEBUG - receive_response_body.started request=<Request [b'POST']>
2026-02-09 06:43:38,467 - DEBUG - receive_response_body.complete
2026-02-09 06:43:38,468 - DEBUG - response_closed.started
2026-02-09 06:43:38,468 - DEBUG - response_closed.complete
2026-02-09 06:43:38,552 - DEBUG - Importing AvifImagePlugin
2026-02-09 06:43:38,605 - DEBUG - Importing BlpImagePlugin
2026-02-09 06:43:38,607 - DEBUG - Importing BmpImagePlugin
2026-02-09 06:43:38,607 - DEBUG - Importing BufrStubImagePlugin
2026-02-09 06:43:38,608 - DEBUG - Importing CurImagePlugin
2026-02-09 06:43:38,609 - DEBUG - Importing DcxImagePlugin
2026-02-09 06:43:38,611 - DEBUG - Importing DdsImagePlugin
2026-02-09 06:43:38,615 - DEBUG - Importing EpsImagePlugin
2026-02-09 06:43:38,616 - DEBUG - Importing FitsImagePlugin
2026-02-09 06:43:38,618 - DEBUG - Importing FliImagePlugin
2026-02-09 06:43:38,619 - DEBUG - Importing FpxImagePlugin
2026-02-09 06:43:38,621 - DEBUG - Image: failed to import FpxImagePlugin: No module named 'olefile'
2026-02-09 06:43:38,621 - DEBUG - Importing FtexImagePlugin
2026-02-09 06:43:38,623 - DEBUG - Importing GbrImagePlugin
2026-02-09 06:43:38,623 - DEBUG - Importing GifImagePlugin
2026-02-09 06:43:38,624 - DEBUG - Importing GribStubImagePlugin
2026-02-09 06:43:38,624 - DEBUG - Importing Hdf5StubImagePlugin
2026-02-09 06:43:38,625 - DEBUG - Importing IcnsImagePlugin
2026-02-09 06:43:38,627 - DEBUG - Importing IcoImagePlugin
2026-02-09 06:43:38,628 - DEBUG - Importing ImImagePlugin
2026-02-09 06:43:38,629 - DEBUG - Importing ImtImagePlugin
2026-02-09 06:43:38,630 - DEBUG - Importing IptcImagePlugin
2026-02-09 06:43:38,631 - DEBUG - Importing JpegImagePlugin
2026-02-09 06:43:38,631 - DEBUG - Importing Jpeg2KImagePlugin
2026-02-09 06:43:38,631 - DEBUG - Importing McIdasImagePlugin
2026-02-09 06:43:38,631 - DEBUG - Importing MicImagePlugin
2026-02-09 06:43:38,632 - DEBUG - Image: failed to import MicImagePlugin: No module named 'olefile'
2026-02-09 06:43:38,633 - DEBUG - Importing MpegImagePlugin
2026-02-09 06:43:38,633 - DEBUG - Importing MpoImagePlugin
2026-02-09 06:43:38,635 - DEBUG - Importing MspImagePlugin
2026-02-09 06:43:38,637 - DEBUG - Importing PalmImagePlugin
2026-02-09 06:43:38,639 - DEBUG - Importing PcdImagePlugin
2026-02-09 06:43:38,639 - DEBUG - Importing PcxImagePlugin
2026-02-09 06:43:38,640 - DEBUG - Importing PdfImagePlugin
2026-02-09 06:43:38,643 - DEBUG - Importing PixarImagePlugin
2026-02-09 06:43:38,645 - DEBUG - Importing PngImagePlugin
2026-02-09 06:43:38,645 - DEBUG - Importing PpmImagePlugin
2026-02-09 06:43:38,645 - DEBUG - Importing PsdImagePlugin
2026-02-09 06:43:38,646 - DEBUG - Importing QoiImagePlugin
2026-02-09 06:43:38,647 - DEBUG - Importing SgiImagePlugin
2026-02-09 06:43:38,648 - DEBUG - Importing SpiderImagePlugin
2026-02-09 06:43:38,648 - DEBUG - Importing SunImagePlugin
2026-02-09 06:43:38,649 - DEBUG - Importing TgaImagePlugin
2026-02-09 06:43:38,650 - DEBUG - Importing TiffImagePlugin
2026-02-09 06:43:38,650 - DEBUG - Importing WebPImagePlugin
2026-02-09 06:43:38,697 - DEBUG - Importing WmfImagePlugin
2026-02-09 06:43:38,698 - DEBUG - Importing XbmImagePlugin
2026-02-09 06:43:38,699 - DEBUG - Importing XpmImagePlugin
2026-02-09 06:43:38,700 - DEBUG - Importing XVThumbImagePlugin
2026-02-09 06:44:21,689 - DEBUG - Using proactor: IocpProactor
2026-02-09 06:44:21,693 - DEBUG - Set Bot API URL: https://api.telegram.org/bot8250155083:AAHptxeMI4SJ8xMEAJ_JrzF4ZD-CnixccxU
2026-02-09 06:44:21,693 - DEBUG - Set Bot API File URL: https://api.telegram.org/file/bot8250155083:AAHptxeMI4SJ8xMEAJ_JrzF4ZD-CnixccxU
2026-02-09 06:44:22,277 - DEBUG - connect_tcp.started host='api.telegram.org' port=443 local_address=None timeout=5.0 socket_options=None
2026-02-09 06:44:22,308 - DEBUG - connect_tcp.complete return_value=<httpcore._backends.anyio.AnyIOStream object at 0x000002185937BA10>
2026-02-09 06:44:22,309 - DEBUG - start_tls.started ssl_context=<ssl.SSLContext object at 0x0000021859349C70> server_hostname='api.telegram.org' timeout=5.0
2026-02-09 06:44:22,347 - DEBUG - start_tls.complete return_value=<httpcore._backends.anyio.AnyIOStream object at 0x000002185935B4D0>
2026-02-09 06:44:22,348 - DEBUG - send_request_headers.started request=<Request [b'POST']>
2026-02-09 06:44:22,348 - DEBUG - send_request_headers.complete
2026-02-09 06:44:22,349 - DEBUG - send_request_body.started request=<Request [b'POST']>
2026-02-09 06:44:22,349 - DEBUG - send_request_body.complete
2026-02-09 06:44:22,349 - DEBUG - receive_response_headers.started request=<Request [b'POST']>
2026-02-09 06:44:22,414 - DEBUG - receive_response_headers.complete return_value=(b'HTTP/1.1', 200, b'OK', [(b'Server', b'nginx/1.18.0'), (b'Date', b'Mon, 09 Feb 2026 06:44:22 GMT'), (b'Content-Type', b'application/json'), (b'Content-Length', b'293'), (b'Connection', b'keep-alive'), (b'Strict-Transport-Security', b'max-age=31536000; includeSubDomains; preload'), (b'Access-Control-Allow-Origin', b'*'), (b'Access-Control-Allow-Methods', b'GET, POST, OPTIONS'), (b'Access-Control-Expose-Headers', b'Content-Length,Content-Type,Date,Server,Connection')])
2026-02-09 06:44:22,415 - INFO - HTTP Request: POST https://api.telegram.org/bot8250155083:AAHptxeMI4SJ8xMEAJ_JrzF4ZD-CnixccxU/sendMessage "HTTP/1.1 200 OK"
2026-02-09 06:44:22,415 - DEBUG - receive_response_body.started request=<Request [b'POST']>
2026-02-09 06:44:22,415 - DEBUG - receive_response_body.complete
2026-02-09 06:44:22,416 - DEBUG - response_closed.started
2026-02-09 06:44:22,416 - DEBUG - response_closed.complete
2026-02-09 06:44:22,447 - DEBUG - Importing AvifImagePlugin
2026-02-09 06:44:22,449 - DEBUG - Importing BlpImagePlugin
2026-02-09 06:44:22,450 - DEBUG - Importing BmpImagePlugin
2026-02-09 06:44:22,450 - DEBUG - Importing BufrStubImagePlugin
2026-02-09 06:44:22,452 - DEBUG - Importing CurImagePlugin
2026-02-09 06:44:22,453 - DEBUG - Importing DcxImagePlugin
2026-02-09 06:44:22,454 - DEBUG - Importing DdsImagePlugin
2026-02-09 06:44:22,457 - DEBUG - Importing EpsImagePlugin
2026-02-09 06:44:22,458 - DEBUG - Importing FitsImagePlugin
2026-02-09 06:44:22,460 - DEBUG - Importing FliImagePlugin
2026-02-09 06:44:22,461 - DEBUG - Importing FpxImagePlugin
2026-02-09 06:44:22,462 - DEBUG - Image: failed to import FpxImagePlugin: No module named 'olefile'
2026-02-09 06:44:22,462 - DEBUG - Importing FtexImagePlugin
2026-02-09 06:44:22,463 - DEBUG - Importing GbrImagePlugin
2026-02-09 06:44:22,464 - DEBUG - Importing GifImagePlugin
2026-02-09 06:44:22,464 - DEBUG - Importing GribStubImagePlugin
2026-02-09 06:44:22,465 - DEBUG - Importing Hdf5StubImagePlugin
2026-02-09 06:44:22,465 - DEBUG - Importing IcnsImagePlugin
2026-02-09 06:44:22,467 - DEBUG - Importing IcoImagePlugin
2026-02-09 06:44:22,469 - DEBUG - Importing ImImagePlugin
2026-02-09 06:44:22,470 - DEBUG - Importing ImtImagePlugin
2026-02-09 06:44:22,471 - DEBUG - Importing IptcImagePlugin
2026-02-09 06:44:22,472 - DEBUG - Importing JpegImagePlugin
2026-02-09 06:44:22,472 - DEBUG - Importing Jpeg2KImagePlugin
2026-02-09 06:44:22,472 - DEBUG - Importing McIdasImagePlugin
2026-02-09 06:44:22,473 - DEBUG - Importing MicImagePlugin
2026-02-09 06:44:22,474 - DEBUG - Image: failed to import MicImagePlugin: No module named 'olefile'
2026-02-09 06:44:22,474 - DEBUG - Importing MpegImagePlugin
2026-02-09 06:44:22,475 - DEBUG - Importing MpoImagePlugin
2026-02-09 06:44:22,477 - DEBUG - Importing MspImagePlugin
2026-02-09 06:44:22,477 - DEBUG - Importing PalmImagePlugin
2026-02-09 06:44:22,479 - DEBUG - Importing PcdImagePlugin
2026-02-09 06:44:22,479 - DEBUG - Importing PcxImagePlugin
2026-02-09 06:44:22,479 - DEBUG - Importing PdfImagePlugin
2026-02-09 06:44:22,483 - DEBUG - Importing PixarImagePlugin
2026-02-09 06:44:22,485 - DEBUG - Importing PngImagePlugin
2026-02-09 06:44:22,485 - DEBUG - Importing PpmImagePlugin
2026-02-09 06:44:22,485 - DEBUG - Importing PsdImagePlugin
2026-02-09 06:44:22,488 - DEBUG - Importing QoiImagePlugin
2026-02-09 06:44:22,490 - DEBUG - Importing SgiImagePlugin
2026-02-09 06:44:22,491 - DEBUG - Importing SpiderImagePlugin
2026-02-09 06:44:22,492 - DEBUG - Importing SunImagePlugin
2026-02-09 06:44:22,494 - DEBUG - Importing TgaImagePlugin
2026-02-09 06:44:22,495 - DEBUG - Importing TiffImagePlugin
2026-02-09 06:44:22,495 - DEBUG - Importing WebPImagePlugin
2026-02-09 06:44:22,497 - DEBUG - Importing WmfImagePlugin
2026-02-09 06:44:22,498 - DEBUG - Importing XbmImagePlugin
2026-02-09 06:44:22,499 - DEBUG - Importing XpmImagePlugin
2026-02-09 06:44:22,500 - DEBUG - Importing XVThumbImagePlugin
2026-02-09 06:44:34,082 - DEBUG - Using proactor: IocpProactor
2026-02-09 06:44:34,088 - DEBUG - Set Bot API URL: https://api.telegram.org/bot8250155083:AAHptxeMI4SJ8xMEAJ_JrzF4ZD-CnixccxU
2026-02-09 06:44:34,089 - DEBUG - Set Bot API File URL: https://api.telegram.org/file/bot8250155083:AAHptxeMI4SJ8xMEAJ_JrzF4ZD-CnixccxU
2026-02-09 06:44:36,033 - DEBUG - connect_tcp.started host='api.telegram.org' port=443 local_address=None timeout=5.0 socket_options=None
2026-02-09 06:44:36,078 - DEBUG - connect_tcp.complete return_value=<httpcore._backends.anyio.AnyIOStream object at 0x000001C2D419BA10>
2026-02-09 06:44:36,079 - DEBUG - start_tls.started ssl_context=<ssl.SSLContext object at 0x000001C2D4169C70> server_hostname='api.telegram.org' timeout=5.0
2026-02-09 06:44:36,120 - DEBUG - start_tls.complete return_value=<httpcore._backends.anyio.AnyIOStream object at 0x000001C2D417B4D0>
2026-02-09 06:44:36,123 - DEBUG - send_request_headers.started request=<Request [b'POST']>
2026-02-09 06:44:36,125 - DEBUG - send_request_headers.complete
2026-02-09 06:44:36,126 - DEBUG - send_request_body.started request=<Request [b'POST']>
2026-02-09 06:44:36,127 - DEBUG - send_request_body.complete
2026-02-09 06:44:36,127 - DEBUG - receive_response_headers.started request=<Request [b'POST']>
2026-02-09 06:44:36,176 - DEBUG - receive_response_headers.complete return_value=(b'HTTP/1.1', 200, b'OK', [(b'Server', b'nginx/1.18.0'), (b'Date', b'Mon, 09 Feb 2026 06:44:36 GMT'), (b'Content-Type', b'application/json'), (b'Content-Length', b'293'), (b'Connection', b'keep-alive'), (b'Strict-Transport-Security', b'max-age=31536000; includeSubDomains; preload'), (b'Access-Control-Allow-Origin', b'*'), (b'Access-Control-Allow-Methods', b'GET, POST, OPTIONS'), (b'Access-Control-Expose-Headers', b'Content-Length,Content-Type,Date,Server,Connection')])
2026-02-09 06:44:36,178 - INFO - HTTP Request: POST https://api.telegram.org/bot8250155083:AAHptxeMI4SJ8xMEAJ_JrzF4ZD-CnixccxU/sendMessage "HTTP/1.1 200 OK"
2026-02-09 06:44:36,178 - DEBUG - receive_response_body.started request=<Request [b'POST']>
2026-02-09 06:44:36,179 - DEBUG - receive_response_body.complete
2026-02-09 06:44:36,181 - DEBUG - response_closed.started
2026-02-09 06:44:36,181 - DEBUG - response_closed.complete
2026-02-09 06:44:36,274 - DEBUG - Importing AvifImagePlugin
2026-02-09 06:44:36,278 - DEBUG - Importing BlpImagePlugin
2026-02-09 06:44:36,282 - DEBUG - Importing BmpImagePlugin
2026-02-09 06:44:36,282 - DEBUG - Importing BufrStubImagePlugin
2026-02-09 06:44:36,286 - DEBUG - Importing CurImagePlugin
2026-02-09 06:44:36,289 - DEBUG - Importing DcxImagePlugin
2026-02-09 06:44:36,293 - DEBUG - Importing DdsImagePlugin
2026-02-09 06:44:36,300 - DEBUG - Importing EpsImagePlugin
2026-02-09 06:44:36,305 - DEBUG - Importing FitsImagePlugin
2026-02-09 06:44:36,310 - DEBUG - Importing FliImagePlugin
2026-02-09 06:44:36,313 - DEBUG - Importing FpxImagePlugin
2026-02-09 06:44:36,316 - DEBUG - Image: failed to import FpxImagePlugin: No module named 'olefile'
2026-02-09 06:44:36,317 - DEBUG - Importing FtexImagePlugin
2026-02-09 06:44:36,320 - DEBUG - Importing GbrImagePlugin
2026-02-09 06:44:36,324 - DEBUG - Importing GifImagePlugin
2026-02-09 06:44:36,325 - DEBUG - Importing GribStubImagePlugin
2026-02-09 06:44:36,328 - DEBUG - Importing Hdf5StubImagePlugin
2026-02-09 06:44:36,330 - DEBUG - Importing IcnsImagePlugin
2026-02-09 06:44:36,338 - DEBUG - Importing IcoImagePlugin
2026-02-09 06:44:36,341 - DEBUG - Importing ImImagePlugin
2026-02-09 06:44:36,344 - DEBUG - Importing ImtImagePlugin
2026-02-09 06:44:36,348 - DEBUG - Importing IptcImagePlugin
2026-02-09 06:44:36,350 - DEBUG - Importing JpegImagePlugin
2026-02-09 06:44:36,351 - DEBUG - Importing Jpeg2KImagePlugin
2026-02-09 06:44:36,352 - DEBUG - Importing McIdasImagePlugin
2026-02-09 06:44:36,354 - DEBUG - Importing MicImagePlugin
2026-02-09 06:44:36,358 - DEBUG - Image: failed to import MicImagePlugin: No module named 'olefile'
2026-02-09 06:44:36,359 - DEBUG - Importing MpegImagePlugin
2026-02-09 06:44:36,361 - DEBUG - Importing MpoImagePlugin
2026-02-09 06:44:36,366 - DEBUG - Importing MspImagePlugin
2026-02-09 06:44:36,370 - DEBUG - Importing PalmImagePlugin
2026-02-09 06:44:36,374 - DEBUG - Importing PcdImagePlugin
2026-02-09 06:44:36,376 - DEBUG - Importing PcxImagePlugin
2026-02-09 06:44:36,376 - DEBUG - Importing PdfImagePlugin
2026-02-09 06:44:36,389 - DEBUG - Importing PixarImagePlugin
2026-02-09 06:44:36,392 - DEBUG - Importing PngImagePlugin
2026-02-09 06:44:36,392 - DEBUG - Importing PpmImagePlugin
2026-02-09 06:44:36,393 - DEBUG - Importing PsdImagePlugin
2026-02-09 06:44:36,395 - DEBUG - Importing QoiImagePlugin
2026-02-09 06:44:36,398 - DEBUG - Importing SgiImagePlugin
2026-02-09 06:44:36,401 - DEBUG - Importing SpiderImagePlugin
2026-02-09 06:44:36,404 - DEBUG - Importing SunImagePlugin
2026-02-09 06:44:36,407 - DEBUG - Importing TgaImagePlugin
2026-02-09 06:44:36,410 - DEBUG - Importing TiffImagePlugin
2026-02-09 06:44:36,410 - DEBUG - Importing WebPImagePlugin
2026-02-09 06:44:36,414 - DEBUG - Importing WmfImagePlugin
2026-02-09 06:44:36,417 - DEBUG - Importing XbmImagePlugin
2026-02-09 06:44:36,421 - DEBUG - Importing XpmImagePlugin
2026-02-09 06:44:36,423 - DEBUG - Importing XVThumbImagePlugin
2026-02-09 06:51:03,532 - DEBUG - Using proactor: IocpProactor
2026-02-09 06:51:03,536 - DEBUG - Set Bot API URL: https://api.telegram.org/bot8250155083:AAHptxeMI4SJ8xMEAJ_JrzF4ZD-CnixccxU
2026-02-09 06:51:03,536 - DEBUG - Set Bot API File URL: https://api.telegram.org/file/bot8250155083:AAHptxeMI4SJ8xMEAJ_JrzF4ZD-CnixccxU
2026-02-09 06:51:04,120 - DEBUG - connect_tcp.started host='api.telegram.org' port=443 local_address=None timeout=5.0 socket_options=None
2026-02-09 06:51:04,161 - DEBUG - connect_tcp.complete return_value=<httpcore._backends.anyio.AnyIOStream object at 0x00000261ED98BA10>
2026-02-09 06:51:04,161 - DEBUG - start_tls.started ssl_context=<ssl.SSLContext object at 0x00000261ED959BE0> server_hostname='api.telegram.org' timeout=5.0
2026-02-09 06:51:04,192 - DEBUG - start_tls.complete return_value=<httpcore._backends.anyio.AnyIOStream object at 0x00000261ED96B4D0>
2026-02-09 06:51:04,193 - DEBUG - send_request_headers.started request=<Request [b'POST']>
2026-02-09 06:51:04,193 - DEBUG - send_request_headers.complete
2026-02-09 06:51:04,194 - DEBUG - send_request_body.started request=<Request [b'POST']>
2026-02-09 06:51:04,194 - DEBUG - send_request_body.complete
2026-02-09 06:51:04,195 - DEBUG - receive_response_headers.started request=<Request [b'POST']>
2026-02-09 06:51:04,261 - DEBUG - receive_response_headers.complete return_value=(b'HTTP/1.1', 200, b'OK', [(b'Server', b'nginx/1.18.0'), (b'Date', b'Mon, 09 Feb 2026 06:51:04 GMT'), (b'Content-Type', b'application/json'), (b'Content-Length', b'293'), (b'Connection', b'keep-alive'), (b'Strict-Transport-Security', b'max-age=31536000; includeSubDomains; preload'), (b'Access-Control-Allow-Origin', b'*'), (b'Access-Control-Allow-Methods', b'GET, POST, OPTIONS'), (b'Access-Control-Expose-Headers', b'Content-Length,Content-Type,Date,Server,Connection')])
2026-02-09 06:51:04,262 - INFO - HTTP Request: POST https://api.telegram.org/bot8250155083:AAHptxeMI4SJ8xMEAJ_JrzF4ZD-CnixccxU/sendMessage "HTTP/1.1 200 OK"
2026-02-09 06:51:04,262 - DEBUG - receive_response_body.started request=<Request [b'POST']>
2026-02-09 06:51:04,262 - DEBUG - receive_response_body.complete
2026-02-09 06:51:04,263 - DEBUG - response_closed.started
2026-02-09 06:51:04,263 - DEBUG - response_closed.complete
2026-02-09 06:51:04,295 - DEBUG - Importing AvifImagePlugin
2026-02-09 06:51:04,297 - DEBUG - Importing BlpImagePlugin
2026-02-09 06:51:04,298 - DEBUG - Importing BmpImagePlugin
2026-02-09 06:51:04,298 - DEBUG - Importing BufrStubImagePlugin
2026-02-09 06:51:04,299 - DEBUG - Importing CurImagePlugin
2026-02-09 06:51:04,300 - DEBUG - Importing DcxImagePlugin
2026-02-09 06:51:04,302 - DEBUG - Importing DdsImagePlugin
2026-02-09 06:51:04,305 - DEBUG - Importing EpsImagePlugin
2026-02-09 06:51:04,306 - DEBUG - Importing FitsImagePlugin
2026-02-09 06:51:04,308 - DEBUG - Importing FliImagePlugin
2026-02-09 06:51:04,309 - DEBUG - Importing FpxImagePlugin
2026-02-09 06:51:04,310 - DEBUG - Image: failed to import FpxImagePlugin: No module named 'olefile'
2026-02-09 06:51:04,310 - DEBUG - Importing FtexImagePlugin
2026-02-09 06:51:04,311 - DEBUG - Importing GbrImagePlugin
2026-02-09 06:51:04,312 - DEBUG - Importing GifImagePlugin
2026-02-09 06:51:04,312 - DEBUG - Importing GribStubImagePlugin
2026-02-09 06:51:04,313 - DEBUG - Importing Hdf5StubImagePlugin
2026-02-09 06:51:04,313 - DEBUG - Importing IcnsImagePlugin
2026-02-09 06:51:04,316 - DEBUG - Importing IcoImagePlugin
2026-02-09 06:51:04,317 - DEBUG - Importing ImImagePlugin
2026-02-09 06:51:04,318 - DEBUG - Importing ImtImagePlugin
2026-02-09 06:51:04,319 - DEBUG - Importing IptcImagePlugin
2026-02-09 06:51:04,320 - DEBUG - Importing JpegImagePlugin
2026-02-09 06:51:04,320 - DEBUG - Importing Jpeg2KImagePlugin
2026-02-09 06:51:04,321 - DEBUG - Importing McIdasImagePlugin
2026-02-09 06:51:04,321 - DEBUG - Importing MicImagePlugin
2026-02-09 06:51:04,323 - DEBUG - Image: failed to import MicImagePlugin: No module named 'olefile'
2026-02-09 06:51:04,323 - DEBUG - Importing MpegImagePlugin
2026-02-09 06:51:04,323 - DEBUG - Importing MpoImagePlugin
2026-02-09 06:51:04,325 - DEBUG - Importing MspImagePlugin
2026-02-09 06:51:04,326 - DEBUG - Importing PalmImagePlugin
2026-02-09 06:51:04,327 - DEBUG - Importing PcdImagePlugin
2026-02-09 06:51:04,328 - DEBUG - Importing PcxImagePlugin
2026-02-09 06:51:04,328 - DEBUG - Importing PdfImagePlugin
2026-02-09 06:51:04,331 - DEBUG - Importing PixarImagePlugin
2026-02-09 06:51:04,332 - DEBUG - Importing PngImagePlugin
2026-02-09 06:51:04,333 - DEBUG - Importing PpmImagePlugin
2026-02-09 06:51:04,333 - DEBUG - Importing PsdImagePlugin
2026-02-09 06:51:04,335 - DEBUG - Importing QoiImagePlugin
2026-02-09 06:51:04,337 - DEBUG - Importing SgiImagePlugin
2026-02-09 06:51:04,338 - DEBUG - Importing SpiderImagePlugin
2026-02-09 06:51:04,339 - DEBUG - Importing SunImagePlugin
2026-02-09 06:51:04,340 - DEBUG - Importing TgaImagePlugin
2026-02-09 06:51:04,341 - DEBUG - Importing TiffImagePlugin
2026-02-09 06:51:04,341 - DEBUG - Importing WebPImagePlugin
2026-02-09 06:51:04,343 - DEBUG - Importing WmfImagePlugin
2026-02-09 06:51:04,344 - DEBUG - Importing XbmImagePlugin
2026-02-09 06:51:04,345 - DEBUG - Importing XpmImagePlugin
2026-02-09 06:51:04,346 - DEBUG - Importing XVThumbImagePlugin
2026-02-09 06:51:26,311 - INFO - HTTP Request: POST https://api.telegram.org/bot8250155083:AAHptxeMI4SJ8xMEAJ_JrzF4ZD-CnixccxU/sendMessage "HTTP/1.1 200 OK"
2026-02-09 06:53:33,071 - DEBUG - Using proactor: IocpProactor
2026-02-09 06:53:33,076 - DEBUG - Set Bot API URL: https://api.telegram.org/bot8250155083:AAHptxeMI4SJ8xMEAJ_JrzF4ZD-CnixccxU
2026-02-09 06:53:33,078 - DEBUG - Set Bot API File URL: https://api.telegram.org/file/bot8250155083:AAHptxeMI4SJ8xMEAJ_JrzF4ZD-CnixccxU
2026-02-09 06:53:33,782 - DEBUG - connect_tcp.started host='api.telegram.org' port=443 local_address=None timeout=5.0 socket_options=None
2026-02-09 06:53:33,812 - DEBUG - connect_tcp.complete return_value=<httpcore._backends.anyio.AnyIOStream object at 0x00000251CCB5BA10>
2026-02-09 06:53:33,812 - DEBUG - start_tls.started ssl_context=<ssl.SSLContext object at 0x00000251CCB29BE0> server_hostname='api.telegram.org' timeout=5.0
2026-02-09 06:53:33,848 - DEBUG - start_tls.complete return_value=<httpcore._backends.anyio.AnyIOStream object at 0x00000251CCB3B4D0>
2026-02-09 06:53:33,849 - DEBUG - send_request_headers.started request=<Request [b'POST']>
2026-02-09 06:53:33,849 - DEBUG - send_request_headers.complete
2026-02-09 06:53:33,850 - DEBUG - send_request_body.started request=<Request [b'POST']>
2026-02-09 06:53:33,850 - DEBUG - send_request_body.complete
2026-02-09 06:53:33,850 - DEBUG - receive_response_headers.started request=<Request [b'POST']>
2026-02-09 06:53:33,915 - DEBUG - receive_response_headers.complete return_value=(b'HTTP/1.1', 200, b'OK', [(b'Server', b'nginx/1.18.0'), (b'Date', b'Mon, 09 Feb 2026 06:53:33 GMT'), (b'Content-Type', b'application/json'), (b'Content-Length', b'293'), (b'Connection', b'keep-alive'), (b'Strict-Transport-Security', b'max-age=31536000; includeSubDomains; preload'), (b'Access-Control-Allow-Origin', b'*'), (b'Access-Control-Allow-Methods', b'GET, POST, OPTIONS'), (b'Access-Control-Expose-Headers', b'Content-Length,Content-Type,Date,Server,Connection')])
2026-02-09 06:53:33,917 - INFO - HTTP Request: POST https://api.telegram.org/bot8250155083:AAHptxeMI4SJ8xMEAJ_JrzF4ZD-CnixccxU/sendMessage "HTTP/1.1 200 OK"
2026-02-09 06:53:33,922 - DEBUG - receive_response_body.started request=<Request [b'POST']>
2026-02-09 06:53:33,923 - DEBUG - receive_response_body.complete
2026-02-09 06:53:33,925 - DEBUG - response_closed.started
2026-02-09 06:53:33,934 - DEBUG - response_closed.complete
2026-02-09 06:53:34,014 - DEBUG - Importing AvifImagePlugin
2026-02-09 06:53:34,019 - DEBUG - Importing BlpImagePlugin
2026-02-09 06:53:34,022 - DEBUG - Importing BmpImagePlugin
2026-02-09 06:53:34,022 - DEBUG - Importing BufrStubImagePlugin
2026-02-09 06:53:34,024 - DEBUG - Importing CurImagePlugin
2026-02-09 06:53:34,025 - DEBUG - Importing DcxImagePlugin
2026-02-09 06:53:34,033 - DEBUG - Importing DdsImagePlugin
2026-02-09 06:53:34,037 - DEBUG - Importing EpsImagePlugin
2026-02-09 06:53:34,040 - DEBUG - Importing FitsImagePlugin
2026-02-09 06:53:34,048 - DEBUG - Importing FliImagePlugin
2026-02-09 06:53:34,052 - DEBUG - Importing FpxImagePlugin
2026-02-09 06:53:34,054 - DEBUG - Image: failed to import FpxImagePlugin: No module named 'olefile'
2026-02-09 06:53:34,055 - DEBUG - Importing FtexImagePlugin
2026-02-09 06:53:34,056 - DEBUG - Importing GbrImagePlugin
2026-02-09 06:53:34,058 - DEBUG - Importing GifImagePlugin
2026-02-09 06:53:34,058 - DEBUG - Importing GribStubImagePlugin
2026-02-09 06:53:34,059 - DEBUG - Importing Hdf5StubImagePlugin
2026-02-09 06:53:34,063 - DEBUG - Importing IcnsImagePlugin
2026-02-09 06:53:34,068 - DEBUG - Importing IcoImagePlugin
2026-02-09 06:53:34,070 - DEBUG - Importing ImImagePlugin
2026-02-09 06:53:34,072 - DEBUG - Importing ImtImagePlugin
2026-02-09 06:53:34,074 - DEBUG - Importing IptcImagePlugin
2026-02-09 06:53:34,076 - DEBUG - Importing JpegImagePlugin
2026-02-09 06:53:34,076 - DEBUG - Importing Jpeg2KImagePlugin
2026-02-09 06:53:34,080 - DEBUG - Importing McIdasImagePlugin
2026-02-09 06:53:34,082 - DEBUG - Importing MicImagePlugin
2026-02-09 06:53:34,084 - DEBUG - Image: failed to import MicImagePlugin: No module named 'olefile'
2026-02-09 06:53:34,085 - DEBUG - Importing MpegImagePlugin
2026-02-09 06:53:34,087 - DEBUG - Importing MpoImagePlugin
2026-02-09 06:53:34,092 - DEBUG - Importing MspImagePlugin
2026-02-09 06:53:34,099 - DEBUG - Importing PalmImagePlugin
2026-02-09 06:53:34,103 - DEBUG - Importing PcdImagePlugin
2026-02-09 06:53:34,105 - DEBUG - Importing PcxImagePlugin
2026-02-09 06:53:34,105 - DEBUG - Importing PdfImagePlugin
2026-02-09 06:53:34,114 - DEBUG - Importing PixarImagePlugin
2026-02-09 06:53:34,116 - DEBUG - Importing PngImagePlugin
2026-02-09 06:53:34,116 - DEBUG - Importing PpmImagePlugin
2026-02-09 06:53:34,116 - DEBUG - Importing PsdImagePlugin
2026-02-09 06:53:34,117 - DEBUG - Importing QoiImagePlugin
2026-02-09 06:53:34,119 - DEBUG - Importing SgiImagePlugin
2026-02-09 06:53:34,120 - DEBUG - Importing SpiderImagePlugin
2026-02-09 06:53:34,121 - DEBUG - Importing SunImagePlugin
2026-02-09 06:53:34,123 - DEBUG - Importing TgaImagePlugin
2026-02-09 06:53:34,124 - DEBUG - Importing TiffImagePlugin
2026-02-09 06:53:34,125 - DEBUG - Importing WebPImagePlugin
2026-02-09 06:53:34,129 - DEBUG - Importing WmfImagePlugin
2026-02-09 06:53:34,131 - DEBUG - Importing XbmImagePlugin
2026-02-09 06:53:34,133 - DEBUG - Importing XpmImagePlugin
2026-02-09 06:53:34,135 - DEBUG - Importing XVThumbImagePlugin
2026-02-09 06:54:13,281 - DEBUG - Using proactor: IocpProactor
2026-02-09 06:54:13,285 - DEBUG - Set Bot API URL: https://api.telegram.org/bot8250155083:AAHptxeMI4SJ8xMEAJ_JrzF4ZD-CnixccxU
2026-02-09 06:54:13,286 - DEBUG - Set Bot API File URL: https://api.telegram.org/file/bot8250155083:AAHptxeMI4SJ8xMEAJ_JrzF4ZD-CnixccxU
2026-02-09 06:54:14,491 - DEBUG - connect_tcp.started host='api.telegram.org' port=443 local_address=None timeout=5.0 socket_options=None
2026-02-09 06:54:14,541 - DEBUG - connect_tcp.complete return_value=<httpcore._backends.anyio.AnyIOStream object at 0x000002110DFEBA10>
2026-02-09 06:54:14,543 - DEBUG - start_tls.started ssl_context=<ssl.SSLContext object at 0x000002110DFB9BE0> server_hostname='api.telegram.org' timeout=5.0
2026-02-09 06:54:14,580 - DEBUG - start_tls.complete return_value=<httpcore._backends.anyio.AnyIOStream object at 0x000002110DFCB4D0>
2026-02-09 06:54:14,584 - DEBUG - send_request_headers.started request=<Request [b'POST']>
2026-02-09 06:54:14,586 - DEBUG - send_request_headers.complete
2026-02-09 06:54:14,586 - DEBUG - send_request_body.started request=<Request [b'POST']>
2026-02-09 06:54:14,587 - DEBUG - send_request_body.complete
2026-02-09 06:54:14,587 - DEBUG - receive_response_headers.started request=<Request [b'POST']>
2026-02-09 06:54:14,656 - DEBUG - receive_response_headers.complete return_value=(b'HTTP/1.1', 200, b'OK', [(b'Server', b'nginx/1.18.0'), (b'Date', b'Mon, 09 Feb 2026 06:54:14 GMT'), (b'Content-Type', b'application/json'), (b'Content-Length', b'293'), (b'Connection', b'keep-alive'), (b'Strict-Transport-Security', b'max-age=31536000; includeSubDomains; preload'), (b'Access-Control-Allow-Origin', b'*'), (b'Access-Control-Allow-Methods', b'GET, POST, OPTIONS'), (b'Access-Control-Expose-Headers', b'Content-Length,Content-Type,Date,Server,Connection')])
2026-02-09 06:54:14,657 - INFO - HTTP Request: POST https://api.telegram.org/bot8250155083:AAHptxeMI4SJ8xMEAJ_JrzF4ZD-CnixccxU/sendMessage "HTTP/1.1 200 OK"
2026-02-09 06:54:14,657 - DEBUG - receive_response_body.started request=<Request [b'POST']>
2026-02-09 06:54:14,657 - DEBUG - receive_response_body.complete
2026-02-09 06:54:14,658 - DEBUG - response_closed.started
2026-02-09 06:54:14,659 - DEBUG - response_closed.complete
2026-02-09 06:54:14,743 - DEBUG - Importing AvifImagePlugin
2026-02-09 06:54:14,756 - DEBUG - Importing BlpImagePlugin
2026-02-09 06:54:14,759 - DEBUG - Importing BmpImagePlugin
2026-02-09 06:54:14,759 - DEBUG - Importing BufrStubImagePlugin
2026-02-09 06:54:14,761 - DEBUG - Importing CurImagePlugin
2026-02-09 06:54:14,852 - DEBUG - Importing DcxImagePlugin
2026-02-09 06:54:14,912 - DEBUG - Importing DdsImagePlugin
2026-02-09 06:54:14,955 - DEBUG - Importing EpsImagePlugin
2026-02-09 06:54:14,965 - DEBUG - Importing FitsImagePlugin
2026-02-09 06:54:15,069 - DEBUG - Importing FliImagePlugin
2026-02-09 06:54:15,089 - DEBUG - Importing FpxImagePlugin
2026-02-09 06:54:15,156 - DEBUG - Image: failed to import FpxImagePlugin: No module named 'olefile'
2026-02-09 06:54:15,156 - DEBUG - Importing FtexImagePlugin
2026-02-09 06:54:15,161 - DEBUG - Importing GbrImagePlugin
2026-02-09 06:54:15,163 - DEBUG - Importing GifImagePlugin
2026-02-09 06:54:15,164 - DEBUG - Importing GribStubImagePlugin
2026-02-09 06:54:15,166 - DEBUG - Importing Hdf5StubImagePlugin
2026-02-09 06:54:15,168 - DEBUG - Importing IcnsImagePlugin
2026-02-09 06:54:15,173 - DEBUG - Importing IcoImagePlugin
2026-02-09 06:54:15,178 - DEBUG - Importing ImImagePlugin
2026-02-09 06:54:15,181 - DEBUG - Importing ImtImagePlugin
2026-02-09 06:54:15,182 - DEBUG - Importing IptcImagePlugin
2026-02-09 06:54:15,185 - DEBUG - Importing JpegImagePlugin
2026-02-09 06:54:15,185 - DEBUG - Importing Jpeg2KImagePlugin
2026-02-09 06:54:15,186 - DEBUG - Importing McIdasImagePlugin
2026-02-09 06:54:15,187 - DEBUG - Importing MicImagePlugin
2026-02-09 06:54:15,190 - DEBUG - Image: failed to import MicImagePlugin: No module named 'olefile'
2026-02-09 06:54:15,190 - DEBUG - Importing MpegImagePlugin
2026-02-09 06:54:15,195 - DEBUG - Importing MpoImagePlugin
2026-02-09 06:54:15,200 - DEBUG - Importing MspImagePlugin
2026-02-09 06:54:15,202 - DEBUG - Importing PalmImagePlugin
2026-02-09 06:54:15,205 - DEBUG - Importing PcdImagePlugin
2026-02-09 06:54:15,206 - DEBUG - Importing PcxImagePlugin
2026-02-09 06:54:15,206 - DEBUG - Importing PdfImagePlugin
2026-02-09 06:54:15,220 - DEBUG - Importing PixarImagePlugin
2026-02-09 06:54:15,222 - DEBUG - Importing PngImagePlugin
2026-02-09 06:54:15,223 - DEBUG - Importing PpmImagePlugin
2026-02-09 06:54:15,223 - DEBUG - Importing PsdImagePlugin
2026-02-09 06:54:15,225 - DEBUG - Importing QoiImagePlugin
2026-02-09 06:54:15,250 - DEBUG - Importing SgiImagePlugin
2026-02-09 06:54:15,252 - DEBUG - Importing SpiderImagePlugin
2026-02-09 06:54:15,253 - DEBUG - Importing SunImagePlugin
2026-02-09 06:54:15,255 - DEBUG - Importing TgaImagePlugin
2026-02-09 06:54:15,257 - DEBUG - Importing TiffImagePlugin
2026-02-09 06:54:15,258 - DEBUG - Importing WebPImagePlugin
2026-02-09 06:54:15,261 - DEBUG - Importing WmfImagePlugin
2026-02-09 06:54:15,263 - DEBUG - Importing XbmImagePlugin
2026-02-09 06:54:15,265 - DEBUG - Importing XpmImagePlugin
2026-02-09 06:54:15,266 - DEBUG - Importing XVThumbImagePlugin
2026-02-09 06:55:03,071 - DEBUG - TEST LOGGING: Saving config to c:\Users\Adi\OneDrive\Desktop\# PROJECTS\Laptop Battery Monitor\monitor_config.json: {'threshold': 50, 'interval': 1, 'telegram_enabled': True, 'telegram_conf': None, 'logging_enabled': False, 'resend_minutes': 5, 'start_minimized': False}
2026-02-09 06:55:25,670 - DEBUG - TEST LOGGING: Saving config to c:\Users\Adi\OneDrive\Desktop\# PROJECTS\Laptop Battery Monitor\monitor_config.json: {'threshold': 50, 'interval': 1, 'telegram_enabled': True, 'telegram_conf': None, 'logging_enabled': False, 'resend_minutes': 5, 'start_minimized': False}
